<?xml version="1.0" encoding="UTF-8"?>
<templates>
    <template id="test-template-1">
        <title>
            <![CDATA[
            Test title for @{person}
            ]]>
        </title>
        <header>
            <![CDATA[
            @{greetingMessage}
            ]]>
        </header>
        <body>
            <![CDATA[
            @{person},<br> It is recommended that invasive breast cancer patients be offered Breast MRI if there is<br>a) discrepancy regarding the extent of disease from clinical examination, mammography or ultrasound assessment, b) if breast density precludes accurate mammographic assessment, or c) to assess tumour size if breast conserving surgery is being considered for invasive lobular cancer.
            ]]>
        </body>
    </template>
    <template id="NoSkinToSkinContactIn7Days">
        <title>
            <![CDATA[
            @{common_patient_chartId}
            ]]>
        </title>
        <header>
            <![CDATA[
            @code{common_patient_weight_short = common_patient_weight.contains(".")?common_patient_weight.substring(0, common_patient_weight.indexOf(".")):common_patient_weight;}
            @{common_patient_gestationalAge}wks @{common_patient_weight_short}g
            ]]>
        </header>
        <body>
            <![CDATA[
            No Skin To Skin Contact In 7 Days
            ]]>
        </body>
    </template>
</templates>
